<?xml version="1.0" encoding="UTF-8"?>
<testng-results skipped="0" failed="0" ignored="0" total="1" passed="1">
  <reporter-output>
  </reporter-output>
  <suite name="Default suite" duration-ms="40063" started-at="2017-06-08T17:08:18Z" finished-at="2017-06-08T17:08:58Z">
    <groups>
    </groups>
    <test name="Default test" duration-ms="40063" started-at="2017-06-08T17:08:18Z" finished-at="2017-06-08T17:08:58Z">
      <class name="Login.Smoke">
        <test-method status="PASS" signature="login()[pri:0, instance:Login.Smoke@28d25987]" name="login" duration-ms="39963" started-at="2017-06-08T22:38:18Z" finished-at="2017-06-08T22:38:58Z">
          <reporter-output>
          </reporter-output>
        </test-method> <!-- login -->
      </class> <!-- Login.Smoke -->
    </test> <!-- Default test -->
  </suite> <!-- Default suite -->
</testng-results>
