<?xml version="1.0" encoding="UTF-8"?>
<testng-results skipped="0" failed="0" ignored="0" total="1" passed="1">
  <reporter-output>
  </reporter-output>
  <suite name="Default suite" duration-ms="45711" started-at="2017-06-14T12:07:52Z" finished-at="2017-06-14T12:08:37Z">
    <groups>
    </groups>
    <test name="Default test" duration-ms="45711" started-at="2017-06-14T12:07:52Z" finished-at="2017-06-14T12:08:37Z">
      <class name="Login.Addstaff1">
        <test-method status="PASS" signature="login()[pri:0, instance:Login.Addstaff1@28d25987]" name="login" duration-ms="45580" started-at="2017-06-14T17:37:52Z" finished-at="2017-06-14T17:38:37Z">
          <reporter-output>
          </reporter-output>
        </test-method> <!-- login -->
      </class> <!-- Login.Addstaff1 -->
    </test> <!-- Default test -->
  </suite> <!-- Default suite -->
</testng-results>
